<?xml version="1.0" encoding="UTF-8"?>
<testng-results skipped="0" failed="0" ignored="0" total="1" passed="1">
  <reporter-output>
  </reporter-output>
  <suite name="Default suite" duration-ms="40951" started-at="2018-04-24T23:09:56Z" finished-at="2018-04-24T23:10:37Z">
    <groups>
    </groups>
    <test name="Default test" duration-ms="40951" started-at="2018-04-24T23:09:56Z" finished-at="2018-04-24T23:10:37Z">
      <class name="demo.integretion">
        <test-method status="PASS" signature="setUp()[pri:0, instance:demo.integretion@724af044]" name="setUp" is-config="true" duration-ms="31448" started-at="2018-04-24T23:09:56Z" finished-at="2018-04-24T23:10:28Z">
          <reporter-output>
          </reporter-output>
        </test-method> <!-- setUp -->
        <test-method status="PASS" signature="test()[pri:0, instance:demo.integretion@724af044]" name="test" duration-ms="8297" started-at="2018-04-24T23:10:28Z" finished-at="2018-04-24T23:10:36Z">
          <reporter-output>
          </reporter-output>
        </test-method> <!-- test -->
        <test-method status="PASS" signature="tearUp()[pri:0, instance:demo.integretion@724af044]" name="tearUp" is-config="true" duration-ms="1130" started-at="2018-04-24T23:10:36Z" finished-at="2018-04-24T23:10:37Z">
          <reporter-output>
          </reporter-output>
        </test-method> <!-- tearUp -->
      </class> <!-- demo.integretion -->
    </test> <!-- Default test -->
  </suite> <!-- Default suite -->
</testng-results>
